2025-01-19 04:41:57,890 - DEBUG - Logging setup completed.
2025-01-19 04:41:57,891 - INFO - Initializing Supabase client...
2025-01-19 04:41:57,892 - DEBUG - load_ssl_context verify=True cert=None trust_env=True http2=False
2025-01-19 04:41:57,906 - DEBUG - load_verify_locations cafile='C:\\Python_3_12\\Lib\\site-packages\\certifi\\cacert.pem'
2025-01-19 04:41:58,556 - INFO - Supabase client initialized successfully.
2025-01-19 04:41:58,556 - INFO - Checking if the profiles table exists...
2025-01-19 04:41:58,557 - DEBUG - load_ssl_context verify=True cert=None trust_env=True http2=False
2025-01-19 04:41:58,558 - DEBUG - load_verify_locations cafile='C:\\Python_3_12\\Lib\\site-packages\\certifi\\cacert.pem'
2025-01-19 04:41:59,291 - DEBUG - connect_tcp.started host='eqthjyhskchmjtstmezk.supabase.co' port=443 local_address=None timeout=120 socket_options=None
2025-01-19 04:41:59,321 - DEBUG - connect_tcp.complete return_value=<httpcore._backends.sync.SyncStream object at 0x0000016E2650F9B0>
2025-01-19 04:41:59,321 - DEBUG - start_tls.started ssl_context=<ssl.SSLContext object at 0x0000016E26600F50> server_hostname='eqthjyhskchmjtstmezk.supabase.co' timeout=120
2025-01-19 04:41:59,345 - DEBUG - start_tls.complete return_value=<httpcore._backends.sync.SyncStream object at 0x0000016E251F68A0>
2025-01-19 04:41:59,346 - DEBUG - send_connection_init.started request=<Request [b'GET']>
2025-01-19 04:41:59,347 - DEBUG - send_connection_init.complete
2025-01-19 04:41:59,347 - DEBUG - send_request_headers.started request=<Request [b'GET']> stream_id=1
2025-01-19 04:41:59,347 - DEBUG - Adding (b':method', b'GET') to the header table, sensitive:False, huffman:True
2025-01-19 04:41:59,348 - DEBUG - Encoding 2 with 7 bits
2025-01-19 04:41:59,348 - DEBUG - Adding (b':authority', b'eqthjyhskchmjtstmezk.supabase.co') to the header table, sensitive:False, huffman:True
2025-01-19 04:41:59,348 - DEBUG - Encoding 1 with 6 bits
2025-01-19 04:41:59,348 - DEBUG - Encoding 23 with 7 bits
2025-01-19 04:41:59,348 - DEBUG - Adding (b':scheme', b'https') to the header table, sensitive:False, huffman:True
2025-01-19 04:41:59,348 - DEBUG - Encoding 7 with 7 bits
2025-01-19 04:41:59,349 - DEBUG - Adding (b':path', b'/rest/v1/profiles?select=%2A&limit=1') to the header table, sensitive:False, huffman:True
2025-01-19 04:41:59,349 - DEBUG - Encoding 4 with 6 bits
2025-01-19 04:41:59,349 - DEBUG - Encoding 26 with 7 bits
2025-01-19 04:41:59,349 - DEBUG - Adding (b'accept', b'*/*') to the header table, sensitive:False, huffman:True
2025-01-19 04:41:59,349 - DEBUG - Encoding 19 with 6 bits
2025-01-19 04:41:59,349 - DEBUG - Encoding 3 with 7 bits
2025-01-19 04:41:59,349 - DEBUG - Adding (b'accept-encoding', b'gzip, deflate') to the header table, sensitive:False, huffman:True
2025-01-19 04:41:59,350 - DEBUG - Encoding 16 with 7 bits
2025-01-19 04:41:59,350 - DEBUG - Adding (b'user-agent', b'python-httpx/0.27.0') to the header table, sensitive:False, huffman:True
2025-01-19 04:41:59,350 - DEBUG - Encoding 58 with 6 bits
2025-01-19 04:41:59,350 - DEBUG - Encoding 14 with 7 bits
2025-01-19 04:41:59,350 - DEBUG - Adding (b'x-client-info', b'supabase-py/2.11.0') to the header table, sensitive:False, huffman:True
2025-01-19 04:41:59,350 - DEBUG - Encoding 10 with 7 bits
2025-01-19 04:41:59,350 - DEBUG - Encoding 13 with 7 bits
2025-01-19 04:41:59,350 - DEBUG - Adding (b'apikey', b'eyJhbGciOiJIUzI1NiIsInR5cCI6IkpXVCJ9.eyJpc3MiOiJzdXBhYmFzZSIsInJlZiI6ImVxdGhqeWhza2NobWp0c3RtZXprIiwicm9sZSI6ImFub24iLCJpYXQiOjE3MzcwODEzOTcsImV4cCI6MjA1MjY1NzM5N30.cMEs7DkmIHJcAiT0ziBZXp57aRvNjg9cz9XI0GvyYO4') to the header table, sensitive:False, huffman:True
2025-01-19 04:41:59,351 - DEBUG - Encoding 5 with 7 bits
2025-01-19 04:41:59,351 - DEBUG - Encoding 166 with 7 bits
2025-01-19 04:41:59,351 - DEBUG - Adding (b'authorization', b'Bearer eyJhbGciOiJIUzI1NiIsInR5cCI6IkpXVCJ9.eyJpc3MiOiJzdXBhYmFzZSIsInJlZiI6ImVxdGhqeWhza2NobWp0c3RtZXprIiwicm9sZSI6ImFub24iLCJpYXQiOjE3MzcwODEzOTcsImV4cCI6MjA1MjY1NzM5N30.cMEs7DkmIHJcAiT0ziBZXp57aRvNjg9cz9XI0GvyYO4') to the header table, sensitive:True, huffman:True
2025-01-19 04:41:59,351 - DEBUG - Encoding 23 with 4 bits
2025-01-19 04:41:59,352 - DEBUG - Encoding 171 with 7 bits
2025-01-19 04:41:59,352 - DEBUG - Adding (b'accept-profile', b'public') to the header table, sensitive:False, huffman:True
2025-01-19 04:41:59,352 - DEBUG - Encoding 10 with 7 bits
2025-01-19 04:41:59,352 - DEBUG - Encoding 5 with 7 bits
2025-01-19 04:41:59,352 - DEBUG - Adding (b'content-profile', b'public') to the header table, sensitive:False, huffman:True
2025-01-19 04:41:59,352 - DEBUG - Encoding 11 with 7 bits
2025-01-19 04:41:59,352 - DEBUG - Encoding 5 with 7 bits
2025-01-19 04:41:59,352 - DEBUG - Adding (b'content-length', b'2') to the header table, sensitive:False, huffman:True
2025-01-19 04:41:59,353 - DEBUG - Encoding 28 with 6 bits
2025-01-19 04:41:59,353 - DEBUG - Encoding 1 with 7 bits
2025-01-19 04:41:59,353 - DEBUG - Adding (b'content-type', b'application/json') to the header table, sensitive:False, huffman:True
2025-01-19 04:41:59,353 - DEBUG - Encoding 31 with 6 bits
2025-01-19 04:41:59,353 - DEBUG - Encoding 11 with 7 bits
2025-01-19 04:41:59,353 - DEBUG - Encoded header block to b"\x82A\x97/d\xcf\xd3\xd4\xe8\xeaI\xe9\xe8\x94&\x92\xfb\xea\xba-\xacq\x8d\x05\\\x87\x87D\x9ab\xc2\xa1,w\x0b\x15\xd8yMAQ\xfe \xb4\x14\x89\x81QC\xf1A\xa92`\x0fS\x83\xf9c\xe7\x90z\x8e\xaf\xd2g=KN\x94\xd7\xe5\x80.'W\x07@\x8a\xf2\xb1(1jJ\xc6\xaaS\xff\x8dE\xb5\x8e1\xa0\xabW\xe9\x81.\x10\xae\x0f@\x85\x1df\xea__\xff'/\xac\xb3\xc7\x88\x86\xd4l\xb98{\xc8\x1d&\xc8\x8c\x95ml\x97\xb29\x93\xad\x7f\x9coe}r\xfa\xcbY\x19\xd0mF\xcb\xeeO\xcb\xb3\xf3\xa7\x0f\xbf\xdd\xd9\x11\x92\xac\xb4~\x9b#\x99)\xe3\xe6LS\xf6/)\xfd\x8cZO\x1f*\xc0Fv\xa7\xf7\xf2\xbb2\x1b\xc1\x89K\xe8\xfd\xdd\x91\xcc\x94\xe1\xb614l\xf7\xb2\xd7\xcf\xf3a\xb5t\xc0\xce\x8fd\xf1\xaa\xfe\x0fz\xb7\x91\x19)\xe2\xd1/dsGHC\xa3\xa70\xe9\xf7\xa1\xbd,\x81rh\xc0\x87o\xf5\xa7&<\xa4\x84\xdb\xc1\xec\xd7\x7f\x7f+m\xd1\xed\xef\xa7\xa4\xcf\x93\xdb\xff\x99\x01\x8b\xbf\xaez\x9a\x1f\x08\xff,\xbaQ\xd8[\x14/\xac\xb3\xc7\x88\x86\xd4l\xb98{\xc8\x1d&\xc8\x8c\x95ml\x97\xb29\x93\xad\x7f\x9coe}r\xfa\xcbY\x19\xd0mF\xcb\xeeO\xcb\xb3\xf3\xa7\x0f\xbf\xdd\xd9\x11\x92\xac\xb4~\x9b#\x99)\xe3\xe6LS\xf6/)\xfd\x8cZO\x1f*\xc0Fv\xa7\xf7\xf2\xbb2\x1b\xc1\x89K\xe8\xfd\xdd\x91\xcc\x94\xe1\xb614l\xf7\xb2\xd7\xcf\xf3a\xb5t\xc0\xce\x8fd\xf1\xaa\xfe\x0fz\xb7\x91\x19)\xe2\xd1/dsGHC\xa3\xa70\xe9\xf7\xa1\xbd,\x81rh\xc0\x87o\xf5\xa7&<\xa4\x84\xdb\xc1\xec\xd7\x7f\x7f+m\xd1\xed\xef\xa7\xa4\xcf\x93\xdb\xff\x99\x01\x8b\xbf\xaez\x9a@\x8a\x19\x08Z\xd2\xb5v\x1eSP_\x85\xae\xd8\xe81?@\x8b!\xeaIjJ\xd5\xd8yMA\x7f\x85\xae\xd8\xe81?\\\x81\x17_\x8b\x1du\xd0b\r&=LtA\xea"
2025-01-19 04:41:59,354 - DEBUG - send_request_headers.complete
2025-01-19 04:41:59,354 - DEBUG - send_request_body.started request=<Request [b'GET']> stream_id=1
2025-01-19 04:41:59,355 - DEBUG - send_request_body.complete
2025-01-19 04:41:59,355 - DEBUG - receive_response_headers.started request=<Request [b'GET']> stream_id=1
2025-01-19 04:41:59,356 - DEBUG - receive_remote_settings.started
2025-01-19 04:41:59,357 - DEBUG - receive_remote_settings.complete return_value=<RemoteSettingsChanged changed_settings:{ChangedSetting(setting=3, original_value=None, new_value=100), ChangedSetting(setting=4, original_value=65535, new_value=65536), ChangedSetting(setting=5, original_value=16384, new_value=16777215)}>
2025-01-19 04:41:59,944 - DEBUG - Decoding b'?\xe1\x1f\x8da\x96\xdc4\xfd(\x17\x94\xca:\x94\x10\x04\xda\x82f\xe0Ep\x02S\x16\x8d\xff_\x96\x1du\xd0b\r&=LtA\xea\xfbP\x93\x8e\xc4\x150Z\x99V{@\x85$\xabX?_\x8f|\r\t\xa6\x9d\x8c%h-\xbf#\x8b_\xc1\x9f@\x8a$\xab\x10d\x9c\xab!#M\xa8\x86\xbf\xcfL:2^Z\x83\x9b\xd9\xabx\x9a\xa4~V\x1c\xc5\x81\x90\xb6\xcb\x80\x00>\xd45D\xa2\xd9\x0b\xba\xd8\xef\x9e\x91\x9a\xa4\x7f{\x8b\x84\x84-i[\x05D<\x86\xaao@\x8dDkL4\x97\xc0\xfd-\xdc\xb6 \xc7\xab\x011@\x8aDkWa\xfa\x14\x89Z\xc2\xcb\x8f/d\xcf\xd3\xd4\xe8\xeaI\xe9\xe8\x94&\x92\xfb\xeb@\x90\xf2\xb1\x0fRKRVO\xaa\xca\xb1\xebI\x8fR?\x85\xa8\xe8\xa8\xd2\xcb@\x8f\xf2\xb1j\xee\x7fK\r)-5\xa5b\x1e\xda\x93\x011@\x95\xf2\xb1j\xee\x7fK[Z\x13aGJ\xc8-\x9d\xccB\xac\x93R_\x0265v\x87%\x07\xb6Ih\x1d\x85@\x85\x1d\tY\x1d\xc9\x90\x9d\x98?\x9b\x8d4\xcf\xf3\xf6\xa5#\x81\xe7\x1a\x00?'
2025-01-19 04:41:59,944 - DEBUG - Decoded 4096, consumed 3 bytes
2025-01-19 04:41:59,945 - DEBUG - Resizing header table to 4096 from 4096
2025-01-19 04:41:59,945 - DEBUG - Decoded 13, consumed 1 bytes
2025-01-19 04:41:59,945 - DEBUG - Decoded (b':status', b'404'), consumed 1
2025-01-19 04:41:59,945 - DEBUG - Decoded 33, consumed 1 bytes
2025-01-19 04:41:59,945 - DEBUG - Decoded 22, consumed 1 bytes
2025-01-19 04:41:59,945 - DEBUG - Decoded (b'date', b'Sat, 18 Jan 2025 23:12:02 GMT'), total consumed 24 bytes, indexed True
2025-01-19 04:41:59,946 - DEBUG - Decoded 31, consumed 1 bytes
2025-01-19 04:41:59,946 - DEBUG - Decoded 22, consumed 1 bytes
2025-01-19 04:41:59,946 - DEBUG - Decoded (b'content-type', b'application/json; charset=utf-8'), total consumed 24 bytes, indexed True
2025-01-19 04:41:59,946 - DEBUG - Decoded 5, consumed 1 bytes
2025-01-19 04:41:59,946 - DEBUG - Decoded 15, consumed 1 bytes
2025-01-19 04:41:59,946 - DEBUG - Decoded (b'cf-ray', b'9042447b1e4159d6-DEL'), total consumed 23 bytes, indexed True
2025-01-19 04:41:59,947 - DEBUG - Decoded 10, consumed 1 bytes
2025-01-19 04:41:59,947 - DEBUG - Decoded 6, consumed 1 bytes
2025-01-19 04:41:59,947 - DEBUG - Decoded (b'cf-cache-status', b'DYNAMIC'), total consumed 19 bytes, indexed True
2025-01-19 04:41:59,947 - DEBUG - Decoded 26, consumed 1 bytes
2025-01-19 04:41:59,947 - DEBUG - Decoded 3, consumed 1 bytes
2025-01-19 04:41:59,947 - DEBUG - Decoded (b'content-encoding', b'gzip'), total consumed 5 bytes, indexed True
2025-01-19 04:41:59,947 - DEBUG - Decoded 56, consumed 1 bytes
2025-01-19 04:41:59,948 - DEBUG - Decoded 26, consumed 1 bytes
2025-01-19 04:41:59,948 - DEBUG - Decoded (b'strict-transport-security', b'max-age=31536000; includeSubDomains'), total consumed 28 bytes, indexed True
2025-01-19 04:41:59,948 - DEBUG - Decoded 59, consumed 1 bytes
2025-01-19 04:41:59,948 - DEBUG - Decoded 11, consumed 1 bytes
2025-01-19 04:41:59,948 - DEBUG - Decoded (b'vary', b'Accept-Encoding'), total consumed 13 bytes, indexed True
2025-01-19 04:41:59,948 - DEBUG - Decoded 13, consumed 1 bytes
2025-01-19 04:41:59,949 - DEBUG - Decoded 1, consumed 1 bytes
2025-01-19 04:41:59,949 - DEBUG - Decoded (b'sb-gateway-version', <memory at 0x0000016E265E0640>), total consumed 17 bytes, indexed True
2025-01-19 04:41:59,949 - DEBUG - Decoded 10, consumed 1 bytes
2025-01-19 04:41:59,949 - DEBUG - Decoded 15, consumed 1 bytes
2025-01-19 04:41:59,949 - DEBUG - Decoded (b'sb-project-ref', b'eqthjyhskchmjtstmezk'), total consumed 28 bytes, indexed True
2025-01-19 04:41:59,949 - DEBUG - Decoded 16, consumed 1 bytes
2025-01-19 04:41:59,950 - DEBUG - Decoded 5, consumed 1 bytes
2025-01-19 04:41:59,950 - DEBUG - Decoded (b'x-content-type-options', b'nosniff'), total consumed 24 bytes, indexed True
2025-01-19 04:41:59,950 - DEBUG - Decoded 15, consumed 1 bytes
2025-01-19 04:41:59,950 - DEBUG - Decoded 1, consumed 1 bytes
2025-01-19 04:41:59,950 - DEBUG - Decoded (b'x-envoy-attempt-count', <memory at 0x0000016E265E0400>), total consumed 19 bytes, indexed True
2025-01-19 04:41:59,950 - DEBUG - Decoded 21, consumed 1 bytes
2025-01-19 04:41:59,950 - DEBUG - Decoded 2, consumed 1 bytes
2025-01-19 04:41:59,951 - DEBUG - Decoded (b'x-envoy-upstream-service-time', <memory at 0x0000016E265E0700>), total consumed 26 bytes, indexed True
2025-01-19 04:41:59,951 - DEBUG - Decoded 54, consumed 1 bytes
2025-01-19 04:41:59,951 - DEBUG - Decoded 7, consumed 1 bytes
2025-01-19 04:41:59,951 - DEBUG - Decoded (b'server', b'cloudflare'), total consumed 9 bytes, indexed True
2025-01-19 04:41:59,951 - DEBUG - Decoded 5, consumed 1 bytes
2025-01-19 04:41:59,951 - DEBUG - Decoded 16, consumed 1 bytes
2025-01-19 04:41:59,951 - DEBUG - Decoded (b'alt-svc', b'h3=":443"; ma=86400'), total consumed 24 bytes, indexed True
2025-01-19 04:41:59,952 - DEBUG - receive_response_headers.complete return_value=(404, [(b'date', b'Sat, 18 Jan 2025 23:12:02 GMT'), (b'content-type', b'application/json; charset=utf-8'), (b'cf-ray', b'9042447b1e4159d6-DEL'), (b'cf-cache-status', b'DYNAMIC'), (b'content-encoding', b'gzip'), (b'strict-transport-security', b'max-age=31536000; includeSubDomains'), (b'vary', b'Accept-Encoding'), (b'sb-gateway-version', b'1'), (b'sb-project-ref', b'eqthjyhskchmjtstmezk'), (b'x-content-type-options', b'nosniff'), (b'x-envoy-attempt-count', b'1'), (b'x-envoy-upstream-service-time', b'65'), (b'server', b'cloudflare'), (b'alt-svc', b'h3=":443"; ma=86400')])
2025-01-19 04:41:59,953 - INFO - HTTP Request: GET https://eqthjyhskchmjtstmezk.supabase.co/rest/v1/profiles?select=%2A&limit=1 "HTTP/2 404 Not Found"
2025-01-19 04:41:59,954 - DEBUG - receive_response_body.started request=<Request [b'GET']> stream_id=1
2025-01-19 04:41:59,955 - DEBUG - receive_response_body.complete
2025-01-19 04:41:59,956 - DEBUG - response_closed.started stream_id=1
2025-01-19 04:41:59,956 - DEBUG - response_closed.complete
2025-01-19 04:41:59,956 - ERROR - An error occurred while verifying the table existence.
Traceback (most recent call last):
  File "C:\Users\ARYAVIN\Documents\GitHub\AI\ai\APP\FIRST-APP\SUPABASE\postgress.py", line 71, in verify_table_exists
    response = supabase.table("profiles").select("*").limit(1).execute()
               ^^^^^^^^^^^^^^^^^^^^^^^^^^^^^^^^^^^^^^^^^^^^^^^^^^^^^^^^^
  File "C:\Python_3_12\Lib\site-packages\postgrest\_sync\request_builder.py", line 78, in execute
    raise APIError(r.json())
postgrest.exceptions.APIError: {'code': '42P01', 'details': None, 'hint': None, 'message': 'relation "public.profiles" does not exist'}
2025-01-19 04:41:59,960 - INFO - Starting upsert operation...
2025-01-19 04:41:59,961 - DEBUG - send_request_headers.started request=<Request [b'POST']> stream_id=3
2025-01-19 04:41:59,961 - DEBUG - Adding (b':method', b'POST') to the header table, sensitive:False, huffman:True
2025-01-19 04:41:59,961 - DEBUG - Encoding 3 with 7 bits
2025-01-19 04:41:59,962 - DEBUG - Adding (b':authority', b'eqthjyhskchmjtstmezk.supabase.co') to the header table, sensitive:False, huffman:True
2025-01-19 04:41:59,962 - DEBUG - Encoding 71 with 7 bits
2025-01-19 04:41:59,962 - DEBUG - Adding (b':scheme', b'https') to the header table, sensitive:False, huffman:True
2025-01-19 04:41:59,962 - DEBUG - Encoding 7 with 7 bits
2025-01-19 04:41:59,962 - DEBUG - Adding (b':path', b'/rest/v1/profiles?columns=%22username%22%2C%22id%22%2C%22email%22') to the header table, sensitive:False, huffman:True
2025-01-19 04:41:59,962 - DEBUG - Encoding 4 with 6 bits
2025-01-19 04:41:59,962 - DEBUG - Encoding 46 with 7 bits
2025-01-19 04:41:59,962 - DEBUG - Adding (b'accept', b'*/*') to the header table, sensitive:False, huffman:True
2025-01-19 04:41:59,962 - DEBUG - Encoding 70 with 7 bits
2025-01-19 04:41:59,962 - DEBUG - Adding (b'accept-encoding', b'gzip, deflate') to the header table, sensitive:False, huffman:True
2025-01-19 04:41:59,962 - DEBUG - Encoding 16 with 7 bits
2025-01-19 04:41:59,963 - DEBUG - Adding (b'user-agent', b'python-httpx/0.27.0') to the header table, sensitive:False, huffman:True
2025-01-19 04:41:59,963 - DEBUG - Encoding 69 with 7 bits
2025-01-19 04:41:59,963 - DEBUG - Adding (b'x-client-info', b'supabase-py/2.11.0') to the header table, sensitive:False, huffman:True
2025-01-19 04:41:59,963 - DEBUG - Encoding 68 with 7 bits
2025-01-19 04:41:59,963 - DEBUG - Adding (b'apikey', b'eyJhbGciOiJIUzI1NiIsInR5cCI6IkpXVCJ9.eyJpc3MiOiJzdXBhYmFzZSIsInJlZiI6ImVxdGhqeWhza2NobWp0c3RtZXprIiwicm9sZSI6ImFub24iLCJpYXQiOjE3MzcwODEzOTcsImV4cCI6MjA1MjY1NzM5N30.cMEs7DkmIHJcAiT0ziBZXp57aRvNjg9cz9XI0GvyYO4') to the header table, sensitive:False, huffman:True
2025-01-19 04:41:59,963 - DEBUG - Encoding 67 with 7 bits
2025-01-19 04:41:59,963 - DEBUG - Adding (b'authorization', b'Bearer eyJhbGciOiJIUzI1NiIsInR5cCI6IkpXVCJ9.eyJpc3MiOiJzdXBhYmFzZSIsInJlZiI6ImVxdGhqeWhza2NobWp0c3RtZXprIiwicm9sZSI6ImFub24iLCJpYXQiOjE3MzcwODEzOTcsImV4cCI6MjA1MjY1NzM5N30.cMEs7DkmIHJcAiT0ziBZXp57aRvNjg9cz9XI0GvyYO4') to the header table, sensitive:True, huffman:True
2025-01-19 04:41:59,964 - DEBUG - Encoding 23 with 4 bits
2025-01-19 04:41:59,964 - DEBUG - Encoding 171 with 7 bits
2025-01-19 04:41:59,964 - DEBUG - Adding (b'accept-profile', b'public') to the header table, sensitive:False, huffman:True
2025-01-19 04:41:59,964 - DEBUG - Encoding 66 with 7 bits
2025-01-19 04:41:59,964 - DEBUG - Adding (b'content-profile', b'public') to the header table, sensitive:False, huffman:True
2025-01-19 04:41:59,964 - DEBUG - Encoding 65 with 7 bits
2025-01-19 04:41:59,964 - DEBUG - Adding (b'prefer', b'return=representation,resolution=merge-duplicates') to the header table, sensitive:False, huffman:True
2025-01-19 04:41:59,965 - DEBUG - Encoding 5 with 7 bits
2025-01-19 04:41:59,965 - DEBUG - Encoding 34 with 7 bits
2025-01-19 04:41:59,965 - DEBUG - Adding (b'content-length', b'202') to the header table, sensitive:False, huffman:True
2025-01-19 04:41:59,965 - DEBUG - Encoding 28 with 6 bits
2025-01-19 04:41:59,965 - DEBUG - Encoding 2 with 7 bits
2025-01-19 04:41:59,965 - DEBUG - Adding (b'content-type', b'application/json') to the header table, sensitive:False, huffman:True
2025-01-19 04:41:59,965 - DEBUG - Encoding 65 with 7 bits
2025-01-19 04:41:59,965 - DEBUG - Encoded header block to b'\x83\xc7\x87D\xaeb\xc2\xa1,w\x0b\x15\xd8yMAQ\xfe\x10\xf4[MH\x81Q\n\xd4\x16\xca\x87IU\x10\x95\x15\xe5D#H\xa8\x84\xa8\xaf*!\x16\x91\x9a\x85D/\xc6\x90\xc5\xc4\xc3\x1f\x08\xff,\xbaQ\xd8[\x14/\xac\xb3\xc7\x88\x86\xd4l\xb98{\xc8\x1d&\xc8\x8c\x95ml\x97\xb29\x93\xad\x7f\x9coe}r\xfa\xcbY\x19\xd0mF\xcb\xeeO\xcb\xb3\xf3\xa7\x0f\xbf\xdd\xd9\x11\x92\xac\xb4~\x9b#\x99)\xe3\xe6LS\xf6/)\xfd\x8cZO\x1f*\xc0Fv\xa7\xf7\xf2\xbb2\x1b\xc1\x89K\xe8\xfd\xdd\x91\xcc\x94\xe1\xb614l\xf7\xb2\xd7\xcf\xf3a\xb5t\xc0\xce\x8fd\xf1\xaa\xfe\x0fz\xb7\x91\x19)\xe2\xd1/dsGHC\xa3\xa70\xe9\xf7\xa1\xbd,\x81rh\xc0\x87o\xf5\xa7&<\xa4\x84\xdb\xc1\xec\xd7\x7f\x7f+m\xd1\xed\xef\xa7\xa4\xcf\x93\xdb\xff\x99\x01\x8b\xbf\xaez\x9a\xc2\xc1@\x85\xae\xc2\xca[?\xa2\xb0\xa9\xb6\xca\xa0\xb0\xb5\xd8T\x16\xa4\x8d&=_V\x15\x07\xa2\xd4\x98\xf5AIl\x98\xabImt\x18\x83IQ\\\x82\x10\x05\xc1'
2025-01-19 04:41:59,966 - DEBUG - send_request_headers.complete
2025-01-19 04:41:59,966 - DEBUG - send_request_body.started request=<Request [b'POST']> stream_id=3
2025-01-19 04:41:59,967 - DEBUG - send_request_body.complete
2025-01-19 04:41:59,967 - DEBUG - receive_response_headers.started request=<Request [b'POST']> stream_id=3
2025-01-19 04:42:00,064 - DEBUG - Decoding b'\x8d\xcb\xca\x7f\n\x8f|\r\t\xa6\x9d)K\x19\x1b~G\x16\xbf\x83?\xc9\xc8\xc7\xc6\xc5\xc4\xc3\xc2\x7f\x02\x012\xc1\xc0'
2025-01-19 04:42:00,065 - DEBUG - Decoded 13, consumed 1 bytes
2025-01-19 04:42:00,065 - DEBUG - Decoded (b':status', b'404'), consumed 1
2025-01-19 04:42:00,065 - DEBUG - Decoded 75, consumed 1 bytes
2025-01-19 04:42:00,065 - DEBUG - Decoded (b'date', b'Sat, 18 Jan 2025 23:12:02 GMT'), consumed 1
2025-01-19 04:42:00,065 - DEBUG - Decoded 74, consumed 1 bytes
2025-01-19 04:42:00,065 - DEBUG - Decoded (b'content-type', b'application/json; charset=utf-8'), consumed 1
2025-01-19 04:42:00,066 - DEBUG - Decoded 73, consumed 2 bytes
2025-01-19 04:42:00,066 - DEBUG - Decoded 15, consumed 1 bytes
2025-01-19 04:42:00,066 - DEBUG - Decoded (b'cf-ray', b'9042447eeebc59d6-DEL'), total consumed 18 bytes, indexed True
2025-01-19 04:42:00,066 - DEBUG - Decoded 73, consumed 1 bytes
2025-01-19 04:42:00,066 - DEBUG - Decoded (b'cf-cache-status', b'DYNAMIC'), consumed 1
2025-01-19 04:42:00,066 - DEBUG - Decoded 72, consumed 1 bytes
2025-01-19 04:42:00,066 - DEBUG - Decoded (b'content-encoding', b'gzip'), consumed 1
2025-01-19 04:42:00,066 - DEBUG - Decoded 71, consumed 1 bytes
2025-01-19 04:42:00,067 - DEBUG - Decoded (b'strict-transport-security', b'max-age=31536000; includeSubDomains'), consumed 1
2025-01-19 04:42:00,067 - DEBUG - Decoded 70, consumed 1 bytes
2025-01-19 04:42:00,067 - DEBUG - Decoded (b'vary', b'Accept-Encoding'), consumed 1
2025-01-19 04:42:00,067 - DEBUG - Decoded 69, consumed 1 bytes
2025-01-19 04:42:00,067 - DEBUG - Decoded (b'sb-gateway-version', <memory at 0x0000016E265E0640>), consumed 1
2025-01-19 04:42:00,067 - DEBUG - Decoded 68, consumed 1 bytes
2025-01-19 04:42:00,067 - DEBUG - Decoded (b'sb-project-ref', b'eqthjyhskchmjtstmezk'), consumed 1
2025-01-19 04:42:00,067 - DEBUG - Decoded 67, consumed 1 bytes
2025-01-19 04:42:00,068 - DEBUG - Decoded (b'x-content-type-options', b'nosniff'), consumed 1
2025-01-19 04:42:00,068 - DEBUG - Decoded 66, consumed 1 bytes
2025-01-19 04:42:00,068 - DEBUG - Decoded (b'x-envoy-attempt-count', <memory at 0x0000016E265E0400>), consumed 1
2025-01-19 04:42:00,068 - DEBUG - Decoded 65, consumed 2 bytes
2025-01-19 04:42:00,068 - DEBUG - Decoded 1, consumed 1 bytes
2025-01-19 04:42:00,068 - DEBUG - Decoded (b'x-envoy-upstream-service-time', <memory at 0x0000016E265E07C0>), total consumed 4 bytes, indexed True
2025-01-19 04:42:00,068 - DEBUG - Decoded 65, consumed 1 bytes
2025-01-19 04:42:00,068 - DEBUG - Decoded (b'server', b'cloudflare'), consumed 1
2025-01-19 04:42:00,068 - DEBUG - Decoded 64, consumed 1 bytes
2025-01-19 04:42:00,069 - DEBUG - Decoded (b'alt-svc', b'h3=":443"; ma=86400'), consumed 1
2025-01-19 04:42:00,069 - DEBUG - receive_response_headers.complete return_value=(404, [(b'date', b'Sat, 18 Jan 2025 23:12:02 GMT'), (b'content-type', b'application/json; charset=utf-8'), (b'cf-ray', b'9042447eeebc59d6-DEL'), (b'cf-cache-status', b'DYNAMIC'), (b'content-encoding', b'gzip'), (b'strict-transport-security', b'max-age=31536000; includeSubDomains'), (b'vary', b'Accept-Encoding'), (b'sb-gateway-version', b'1'), (b'sb-project-ref', b'eqthjyhskchmjtstmezk'), (b'x-content-type-options', b'nosniff'), (b'x-envoy-attempt-count', b'1'), (b'x-envoy-upstream-service-time', b'2'), (b'server', b'cloudflare'), (b'alt-svc', b'h3=":443"; ma=86400')])
2025-01-19 04:42:00,070 - INFO - HTTP Request: POST https://eqthjyhskchmjtstmezk.supabase.co/rest/v1/profiles?columns=%22username%22%2C%22id%22%2C%22email%22 "HTTP/2 404 Not Found"
2025-01-19 04:42:00,070 - DEBUG - receive_response_body.started request=<Request [b'POST']> stream_id=3
2025-01-19 04:42:00,071 - DEBUG - receive_response_body.complete
2025-01-19 04:42:00,071 - DEBUG - response_closed.started stream_id=3
2025-01-19 04:42:00,071 - DEBUG - response_closed.complete
2025-01-19 04:42:00,071 - ERROR - An error occurred during the upsert operation.
Traceback (most recent call last):
  File "C:\Users\ARYAVIN\Documents\GitHub\AI\ai\APP\FIRST-APP\SUPABASE\postgress.py", line 57, in upsert_profiles
    response = supabase.table("profiles").upsert(data).execute()
               ^^^^^^^^^^^^^^^^^^^^^^^^^^^^^^^^^^^^^^^^^^^^^^^^^
  File "C:\Python_3_12\Lib\site-packages\postgrest\_sync\request_builder.py", line 78, in execute
    raise APIError(r.json())
postgrest.exceptions.APIError: {}
