2025-01-28 09:23:29,584 - DEBUG - Logging setup completed.
2025-01-28 09:23:29,585 - INFO - Starting the script...
2025-01-28 09:23:29,585 - INFO - Preprocessing input data...
2025-01-28 09:23:29,585 - INFO - Cleaning text data...
2025-01-28 09:23:29,585 - DEBUG - Cleaned texts: ['i love ai', 'transformers are amazing', 'machine learning is the future', 'natural language processing is fascinating']
2025-01-28 09:23:29,586 - INFO - Removing stopwords...
2025-01-28 09:23:29,586 - DEBUG - Texts after stopword removal: ['love ai', 'transformers amazing', 'machine learning future', 'natural language processing fascinating']
2025-01-28 09:23:29,586 - INFO - Lemmatizing text data...
2025-01-28 09:23:34,872 - DEBUG - Lemmatized texts: ['love ai', 'transformer amazing', 'machine learning future', 'natural language processing fascinating']
2025-01-28 09:23:34,873 - INFO - Splitting text into sentences...
2025-01-28 09:23:35,048 - DEBUG - Split sentences: [['love ai'], ['transformer amazing'], ['machine learning future'], ['natural language processing fascinating']]
2025-01-28 09:23:35,053 - DEBUG - Starting new HTTPS connection (1): huggingface.co:443
2025-01-28 09:23:35,459 - DEBUG - https://huggingface.co:443 "HEAD /bert-base-uncased/resolve/main/tokenizer_config.json HTTP/1.1" 200 0
2025-01-28 09:23:35,788 - INFO - Tokenizing data...
2025-01-28 09:23:35,806 - INFO - Splitting data into training and validation sets...
2025-01-28 09:23:35,817 - INFO - Preparing dataset...
2025-01-28 09:23:35,818 - DEBUG - Prepared dataset: {'input_ids': [[101, 3019, 2653, 6364, 17160, 102, 0, 0, 0, 0], [101, 2293, 9932, 102, 0, 0, 0, 0, 0, 0], [101, 3698, 4083, 2925, 102, 0, 0, 0, 0, 0]], 'attention_mask': [[1, 1, 1, 1, 1, 1, 0, 0, 0, 0], [1, 1, 1, 1, 0, 0, 0, 0, 0, 0], [1, 1, 1, 1, 1, 0, 0, 0, 0, 0]], 'labels': [1, 0, 0]}
2025-01-28 09:23:35,869 - INFO - Preparing dataset...
2025-01-28 09:23:35,869 - DEBUG - Prepared dataset: {'input_ids': [[101, 10938, 2121, 6429, 102, 0, 0, 0, 0, 0]], 'attention_mask': [[1, 1, 1, 1, 1, 0, 0, 0, 0, 0]], 'labels': [1]}
2025-01-28 09:23:35,879 - INFO - Starting model fine-tuning process...
2025-01-28 09:23:35,879 - INFO - Initializing model for fine-tuning...
2025-01-28 09:23:36,136 - DEBUG - https://huggingface.co:443 "HEAD /bert-base-uncased/resolve/main/config.json HTTP/1.1" 200 0
2025-01-28 09:23:36,672 - INFO - Model initialized successfully.
2025-01-28 09:23:36,918 - INFO - Starting fine-tuning...
2025-01-28 09:25:12,269 - INFO - Fine-tuning completed successfully.
2025-01-28 09:25:14,012 - INFO - Model saved successfully.
2025-01-28 09:25:14,379 - INFO - Script completed successfully.
