2025-02-10 21:05:14,415 [DEBUG] Logging setup completed.
2025-02-10 21:05:14,416 [INFO] Script execution started.
2025-02-10 21:05:14,417 [INFO] Text cleaning task started.
2025-02-10 21:05:14,417 [INFO] Text cleaning task completed.
2025-02-10 21:05:14,417 [INFO] Stopword removal task started.
2025-02-10 21:05:14,417 [INFO] Stopword removal task completed.
2025-02-10 21:05:14,417 [INFO] Lemmatization task started.
2025-02-10 21:05:20,275 [INFO] Lemmatization task completed.
2025-02-10 21:05:20,276 [INFO] Loading tokenizer and model.
2025-02-10 21:05:20,278 [DEBUG] Starting new HTTPS connection (1): huggingface.co:443
2025-02-10 21:05:20,998 [DEBUG] https://huggingface.co:443 "HEAD /HuggingFaceTB/SmolLM-135M/resolve/main/tokenizer_config.json HTTP/1.1" 200 0
2025-02-10 21:05:21,865 [DEBUG] https://huggingface.co:443 "HEAD /HuggingFaceTB/SmolLM-135M/resolve/main/config.json HTTP/1.1" 200 0
2025-02-10 21:05:23,861 [INFO] Tokenizer and model special tokens set. Pad token ID: 49152
2025-02-10 21:05:23,861 [INFO] Tokenization task started.
2025-02-10 21:05:23,882 [INFO] Tokenization task completed.
2025-02-10 21:05:23,887 [INFO] Dataset preparation task started.
2025-02-10 21:05:23,887 [INFO] Dataset preparation task completed.
2025-02-10 21:05:23,921 [INFO] Dataset preparation task started.
2025-02-10 21:05:23,922 [INFO] Dataset preparation task completed.
2025-02-10 21:05:23,930 [INFO] Fine-tuning task started.
2025-02-10 22:35:56,071 [INFO] Fine-tuning task completed successfully.
2025-02-10 22:35:56,476 [INFO] Script execution completed successfully.
